# JRE version: Java(TM) SE Runtime Environment (8.0_271-b09) (build 1.8.0_271-b09)
# Java VM: Java HotSpot(TM) 64-Bit Server VM (25.271-b09 mixed mode windows-amd64 compressed oops)
Heap:
 PSYoungGen      total 287744K, used 54862K [0x00000000e0000000, 0x00000000f3a00000, 0x0000000100000000)
  eden space 283648K, 19% used [0x00000000e0000000,0x00000000e3593a18,0x00000000f1500000)
  from space 4096K, 0% used [0x00000000f1500000,0x00000000f1500000,0x00000000f1900000)
  to   space 18944K, 0% used [0x00000000f2780000,0x00000000f2780000,0x00000000f3a00000)
 ParOldGen       total 73216K, used 21194K [0x00000000a0000000, 0x00000000a4780000, 0x00000000e0000000)
  object space 73216K, 28% used [0x00000000a0000000,0x00000000a14b2ae8,0x00000000a4780000)
 Metaspace       used 55612K, capacity 59098K, committed 59224K, reserved 1099776K
  class space    used 7846K, capacity 8523K, committed 8536K, reserved 1048576K
GC Heap History (10 events):
Event: 200.350 GC heap before
{Heap before GC invocations=16 (full 5):
 PSYoungGen      total 288256K, used 4096K [0x00000000e0000000, 0x00000000f3c00000, 0x0000000100000000)
  eden space 283648K, 0% used [0x00000000e0000000,0x00000000e0000000,0x00000000f1500000)
  from space 4608K, 88% used [0x00000000f1500000,0x00000000f19003f0,0x00000000f1980000)
  to   space 19968K, 0% used [0x00000000f2880000,0x00000000f2880000,0x00000000f3c00000)
 ParOldGen       total 73216K, used 20717K [0x00000000a0000000, 0x00000000a4780000, 0x00000000e0000000)
  object space 73216K, 28% used [0x00000000a0000000,0x00000000a143b458,0x00000000a4780000)
 Metaspace       used 55159K, capacity 58332K, committed 58584K, reserved 1099776K
  class space    used 7785K, capacity 8395K, committed 8408K, reserved 1048576K
Event: 200.583 GC heap after
Heap after GC invocations=16 (full 5):
 PSYoungGen      total 288256K, used 0K [0x00000000e0000000, 0x00000000f3c00000, 0x0000000100000000)
  eden space 283648K, 0% used [0x00000000e0000000,0x00000000e0000000,0x00000000f1500000)
  from space 4608K, 0% used [0x00000000f1500000,0x00000000f1500000,0x00000000f1980000)
  to   space 19968K, 0% used [0x00000000f2880000,0x00000000f2880000,0x00000000f3c00000)
 ParOldGen       total 73216K, used 20856K [0x00000000a0000000, 0x00000000a4780000, 0x00000000e0000000)
  object space 73216K, 28% used [0x00000000a0000000,0x00000000a145e1a8,0x00000000a4780000)
 Metaspace       used 55153K, capacity 58320K, committed 58584K, reserved 1099776K
  class space    used 7784K, capacity 8392K, committed 8408K, reserved 1048576K
}
Event: 222.230 GC heap before
{Heap before GC invocations=17 (full 5):
 PSYoungGen      total 288256K, used 148274K [0x00000000e0000000, 0x00000000f3c00000, 0x0000000100000000)
  eden space 283648K, 52% used [0x00000000e0000000,0x00000000e90cc970,0x00000000f1500000)
  from space 4608K, 0% used [0x00000000f1500000,0x00000000f1500000,0x00000000f1980000)
  to   space 19968K, 0% used [0x00000000f2880000,0x00000000f2880000,0x00000000f3c00000)
 ParOldGen       total 73216K, used 20856K [0x00000000a0000000, 0x00000000a4780000, 0x00000000e0000000)
  object space 73216K, 28% used [0x00000000a0000000,0x00000000a145e1a8,0x00000000a4780000)
 Metaspace       used 55397K, capacity 58726K, committed 58968K, reserved 1099776K
  class space    used 7820K, capacity 8470K, committed 8536K, reserved 1048576K
Event: 222.246 GC heap after
Heap after GC invocations=17 (full 5):
 PSYoungGen      total 302592K, used 4077K [0x00000000e0000000, 0x00000000f3b00000, 0x0000000100000000)
  eden space 283648K, 0% used [0x00000000e0000000,0x00000000e0000000,0x00000000f1500000)
  from space 18944K, 21% used [0x00000000f2880000,0x00000000f2c7b4e0,0x00000000f3b00000)
  to   space 19456K, 0% used [0x00000000f1500000,0x00000000f1500000,0x00000000f2800000)
 ParOldGen       total 73216K, used 20864K [0x00000000a0000000, 0x00000000a4780000, 0x00000000e0000000)
  object space 73216K, 28% used [0x00000000a0000000,0x00000000a14601a8,0x00000000a4780000)
 Metaspace       used 55397K, capacity 58726K, committed 58968K, reserved 1099776K
  class space    used 7820K, capacity 8470K, committed 8536K, reserved 1048576K
}
Event: 222.246 GC heap before
{Heap before GC invocations=18 (full 6):
 PSYoungGen      total 302592K, used 4077K [0x00000000e0000000, 0x00000000f3b00000, 0x0000000100000000)
  eden space 283648K, 0% used [0x00000000e0000000,0x00000000e0000000,0x00000000f1500000)
  from space 18944K, 21% used [0x00000000f2880000,0x00000000f2c7b4e0,0x00000000f3b00000)
  to   space 19456K, 0% used [0x00000000f1500000,0x00000000f1500000,0x00000000f2800000)
 ParOldGen       total 73216K, used 20864K [0x00000000a0000000, 0x00000000a4780000, 0x00000000e0000000)
  object space 73216K, 28% used [0x00000000a0000000,0x00000000a14601a8,0x00000000a4780000)
 Metaspace       used 55397K, capacity 58726K, committed 58968K, reserved 1099776K
  class space    used 7820K, capacity 8470K, committed 8536K, reserved 1048576K
Event: 222.426 GC heap after
Heap after GC invocations=18 (full 6):
 PSYoungGen      total 302592K, used 0K [0x00000000e0000000, 0x00000000f3b00000, 0x0000000100000000)
  eden space 283648K, 0% used [0x00000000e0000000,0x00000000e0000000,0x00000000f1500000)
  from space 18944K, 0% used [0x00000000f2880000,0x00000000f2880000,0x00000000f3b00000)
  to   space 19456K, 0% used [0x00000000f1500000,0x00000000f1500000,0x00000000f2800000)
 ParOldGen       total 73216K, used 21038K [0x00000000a0000000, 0x00000000a4780000, 0x00000000e0000000)
  object space 73216K, 28% used [0x00000000a0000000,0x00000000a148b960,0x00000000a4780000)
 Metaspace       used 55391K, capacity 58714K, committed 58968K, reserved 1099776K
  class space    used 7819K, capacity 8467K, committed 8536K, reserved 1048576K
}
Event: 243.116 GC heap before
{Heap before GC invocations=19 (full 6):
 PSYoungGen      total 302592K, used 146338K [0x00000000e0000000, 0x00000000f3b00000, 0x0000000100000000)
  eden space 283648K, 51% used [0x00000000e0000000,0x00000000e8ee8a78,0x00000000f1500000)
  from space 18944K, 0% used [0x00000000f2880000,0x00000000f2880000,0x00000000f3b00000)
  to   space 19456K, 0% used [0x00000000f1500000,0x00000000f1500000,0x00000000f2800000)
 ParOldGen       total 73216K, used 21038K [0x00000000a0000000, 0x00000000a4780000, 0x00000000e0000000)
  object space 73216K, 28% used [0x00000000a0000000,0x00000000a148b960,0x00000000a4780000)
 Metaspace       used 55573K, capacity 58998K, committed 59224K, reserved 1099776K
  class space    used 7838K, capacity 8514K, committed 8536K, reserved 1048576K
Event: 243.125 GC heap after
Heap after GC invocations=19 (full 6):
 PSYoungGen      total 287744K, used 4065K [0x00000000e0000000, 0x00000000f3a00000, 0x0000000100000000)
  eden space 283648K, 0% used [0x00000000e0000000,0x00000000e0000000,0x00000000f1500000)
  from space 4096K, 99% used [0x00000000f1500000,0x00000000f18f8410,0x00000000f1900000)
  to   space 18944K, 0% used [0x00000000f2780000,0x00000000f2780000,0x00000000f3a00000)
 ParOldGen       total 73216K, used 21046K [0x00000000a0000000, 0x00000000a4780000, 0x00000000e0000000)
  object space 73216K, 28% used [0x00000000a0000000,0x00000000a148d960,0x00000000a4780000)
 Metaspace       used 55573K, capacity 58998K, committed 59224K, reserved 1099776K
  class space    used 7838K, capacity 8514K, committed 8536K, reserved 1048576K
}
Event: 243.125 GC heap before
{Heap before GC invocations=20 (full 7):
 PSYoungGen      total 287744K, used 4065K [0x00000000e0000000, 0x00000000f3a00000, 0x0000000100000000)
  eden space 283648K, 0% used [0x00000000e0000000,0x00000000e0000000,0x00000000f1500000)
  from space 4096K, 99% used [0x00000000f1500000,0x00000000f18f8410,0x00000000f1900000)
  to   space 18944K, 0% used [0x00000000f2780000,0x00000000f2780000,0x00000000f3a00000)
 ParOldGen       total 73216K, used 21046K [0x00000000a0000000, 0x00000000a4780000, 0x00000000e0000000)
  object space 73216K, 28% used [0x00000000a0000000,0x00000000a148d960,0x00000000a4780000)
 Metaspace       used 55573K, capacity 58998K, committed 59224K, reserved 1099776K
  class space    used 7838K, capacity 8514K, committed 8536K, reserved 1048576K
Event: 243.254 GC heap after
Heap after GC invocations=20 (full 7):
 PSYoungGen      total 287744K, used 0K [0x00000000e0000000, 0x00000000f3a00000, 0x0000000100000000)
  eden space 283648K, 0% used [0x00000000e0000000,0x00000000e0000000,0x00000000f1500000)
  from space 4096K, 0% used [0x00000000f1500000,0x00000000f1500000,0x00000000f1900000)
  to   space 18944K, 0% used [0x00000000f2780000,0x00000000f2780000,0x00000000f3a00000)
 ParOldGen       total 73216K, used 21194K [0x00000000a0000000, 0x00000000a4780000, 0x00000000e0000000)
  object space 73216K, 28% used [0x00000000a0000000,0x00000000a14b2ae8,0x00000000a4780000)
 Metaspace       used 55566K, capacity 58986K, committed 59224K, reserved 1099776K
  class space    used 7837K, capacity 8511K, committed 8536K, reserved 1048576K
}

